loadI 1024 => r0
loadI 1 => r1
storeAI r1 => r0, 0
loadI 2 => r2
storeAI r2 => r0, 4
loadI 3 => r6
loadAI r0, 0 => r7
loadAI r0, 4 => r8
mult r7, r8 => r9
add r6, r9 => r10
storeAI r10 => r0, 8
loadAI r0, 8 => r12
loadI 1 => r13
add r12, r13 => r14
storeAI r14 => r0, 12
loadI 9 => r18
loadI 8 => r19
sub r18, r19 => r20
storeAI r20 => r0, 16
loadI 4 => r24
loadI 5 => r25
mult r24, r25 => r26
storeAI r26 => r0, 20
loadAI r0, 16 => r27
loadAI r0, 20 => r28
sub r27, r28 => r29
storeAI r29 => r0, 24
outputAI r0, 12
outputAI r0, 24
loadAI r0, 8 => r30
loadAI r0, 12 => r31
loadAI r0, 4 => r32
loadAI r0, 0 => r33
div r32, r33 => r34
mult r31, r34 => r35
add r30, r35 => r36
storeAI r36 => r0, 8
loadI 8 => r37
loadI 5 => r38
mult r37, r38 => r39
loadI 1 => r40
loadI 3 => r41
sub r40, r41 => r42
add r39, r42 => r43
storeAI r43 => r0, 24
outputAI r0, 8
loadAI r0, 24 => r45
div r44, r45 => r46
storeAI r46 => r0, 28
outputAI r0, 28
loadI 9 => r51
loadI 8 => r52
loadI 8 => r53
add r52, r53 => r54
mult r51, r54 => r55
loadI 9 => r56
loadI 9 => r57
mult r56, r57 => r58
loadI 9 => r59
sub r58, r59 => r60
div r55, r60 => r61
storeAI r61 => r0, 36
outputAI r0, 36
